build/app/outputs/logs/manifest-merger-debug-report.txt
-- Merging decision tree log ---
application
INJECTED from src/main/AndroidManifest.xml:25:5-66:19
MERGED from src/main/AndroidManifest.xml:25:5-66:19
MERGED from src/main/AndroidManifest.xml:25:5-66:19
MERGED from [:firebase_messaging] AndroidManifest.xml:15:5-48:19
MERGED from [:firebase_messaging] AndroidManifest.xml:15:5-48:19
MERGED from [:firebase_crashlytics] AndroidManifest.xml:9:5-15:19
MERGED from [:firebase_crashlytics] AndroidManifest.xml:9:5-15:19
MERGED from [:firebase_auth] AndroidManifest.xml:9:5-15:19
MERGED from [:firebase_auth] AndroidManifest.xml:9:5-15:19
MERGED from [:firebase_core] AndroidManifest.xml:9:5-15:19
MERGED from [:firebase_core] AndroidManifest.xml:9:5-15:19
MERGED from [:share_plus] AndroidManifest.xml:9:5-35:19
MERGED from [:share_plus] AndroidManifest.xml:9:5-35:19
MERGED from [:image_picker_android] AndroidManifest.xml:10:5-34:19
MERGED from [:image_picker_android] AndroidManifest.xml:10:5-34:19
MERGED from [:url_launcher_android] AndroidManifest.xml:9:5-14:19
MERGED from [:url_launcher_android] AndroidManifest.xml:9:5-14:19
MERGED from [com.appsflyer:af-android-sdk:6.15.2] AndroidManifest.xml:40:5-44:47
MERGED from [com.appsflyer:af-android-sdk:6.15.2] AndroidManifest.xml:40:5-44:47
MERGED from [com.otaliastudios:transcoder:0.10.5] AndroidManifest.xml:9:5-20
MERGED from [com.otaliastudios:transcoder:0.10.5] AndroidManifest.xml:9:5-20
MERGED from [com.google.firebase:firebase-crashlytics:19.0.1] AndroidManifest.xml:11:5-22:19
MERGED from [com.google.firebase:firebase-crashlytics:19.0.1] AndroidManifest.xml:11:5-22:19
MERGED from [com.otaliastudios.opengl:egloo:0.6.1] AndroidManifest.xml:9:5-20
MERGED from [com.otaliastudios.opengl:egloo:0.6.1] AndroidManifest.xml:9:5-20
MERGED from [com.google.firebase:firebase-auth:23.0.0] AndroidManifest.xml:28:5-73:19
MERGED from [com.google.firebase:firebase-auth:23.0.0] AndroidManifest.xml:28:5-73:19
MERGED from [com.google.firebase:firebase-messaging:24.0.0] AndroidManifest.xml:28:5-64:19
MERGED from [com.google.firebase:firebase-messaging:24.0.0] AndroidManifest.xml:28:5-64:19
MERGED from [com.google.firebase:firebase-sessions:2.0.1] AndroidManifest.xml:21:5-33:19
MERGED from [com.google.firebase:firebase-sessions:2.0.1] AndroidManifest.xml:21:5-33:19
MERGED from [com.google.firebase:firebase-installations:18.0.0] AndroidManifest.xml:11:5-22:19
MERGED from [com.google.firebase:firebase-installations:18.0.0] AndroidManifest.xml:11:5-22:19
MERGED from [com.google.firebase:firebase-common-ktx:21.0.0] AndroidManifest.xml:8:5-16:19
MERGED from [com.google.firebase:firebase-common-ktx:21.0.0] AndroidManifest.xml:8:5-16:19
MERGED from [androidx.credentials:credentials-play-services-auth:1.2.0-rc01] AndroidManifest.xml:23:5-42:19
MERGED from [androidx.credentials:credentials-play-services-auth:1.2.0-rc01] AndroidManifest.xml:23:5-42:19
MERGED from [androidx.window:window:1.0.0] AndroidManifest.xml:24:5-31:19
MERGED from [androidx.window:window:1.0.0] AndroidManifest.xml:24:5-31:19
MERGED from [com.github.bumptech.glide:glide:4.15.1] AndroidManifest.xml:9:5-20
MERGED from [com.github.bumptech.glide:glide:4.15.1] AndroidManifest.xml:9:5-20
MERGED from [com.google.android.gms:play-services-auth:21.0.0] AndroidManifest.xml:22:5-38:19
MERGED from [com.google.android.gms:play-services-auth:21.0.0] AndroidManifest.xml:22:5-38:19
MERGED from [com.google.firebase:firebase-appcheck-interop:17.0.0] AndroidManifest.xml:23:5-20
MERGED from [com.google.firebase:firebase-appcheck-interop:17.0.0] AndroidManifest.xml:23:5-20
MERGED from [com.google.android.gms:play-services-fido:20.1.0] AndroidManifest.xml:7:5-8:19
MERGED from [com.google.android.gms:play-services-fido:20.1.0] AndroidManifest.xml:7:5-8:19
MERGED from [com.google.android.gms:play-services-base:18.0.1] AndroidManifest.xml:19:5-23:19
MERGED from [com.google.android.gms:play-services-base:18.0.1] AndroidManifest.xml:19:5-23:19
MERGED from [com.google.firebase:firebase-auth-interop:20.0.0] AndroidManifest.xml:7:5-8:19
MERGED from [com.google.firebase:firebase-auth-interop:20.0.0] AndroidManifest.xml:7:5-8:19
MERGED from [com.google.firebase:firebase-common:21.0.0] AndroidManifest.xml:22:5-39:19
MERGED from [com.google.firebase:firebase-common:21.0.0] AndroidManifest.xml:22:5-39:19
MERGED from [com.google.android.play:integrity:1.2.0] AndroidManifest.xml:5:5-6:19
MERGED from [com.google.android.play:integrity:1.2.0] AndroidManifest.xml:5:5-6:19
MERGED from [com.google.firebase:firebase-iid-interop:17.1.0] AndroidManifest.xml:7:5-8:19
MERGED from [com.google.firebase:firebase-iid-interop:17.1.0] AndroidManifest.xml:7:5-8:19
MERGED from [com.google.android.gms:play-services-tasks:18.1.0] AndroidManifest.xml:5:5-20
MERGED from [com.google.android.gms:play-services-tasks:18.1.0] AndroidManifest.xml:5:5-20
MERGED from [com.google.android.gms:play-services-stats:17.0.2] AndroidManifest.xml:7:5-20
MERGED from [com.google.android.gms:play-services-stats:17.0.2] AndroidManifest.xml:7:5-20
MERGED from [com.google.firebase:firebase-measurement-connector:20.0.1] AndroidManifest.xml:22:5-23:19
MERGED from [com.google.firebase:firebase-measurement-connector:20.0.1] AndroidManifest.xml:22:5-23:19
MERGED from [com.google.android.gms:play-services-basement:18.3.0] AndroidManifest.xml:20:5-24:19
MERGED from [com.google.android.gms:play-services-basement:18.3.0] AndroidManifest.xml:20:5-24:19
MERGED from [androidx.work:work-runtime:2.7.0] AndroidManifest.xml:30:5-143:19
MERGED from [androidx.work:work-runtime:2.7.0] AndroidManifest.xml:30:5-143:19
MERGED from [androidx.emoji2:emoji2:1.0.0] AndroidManifest.xml:25:5-35:19
MERGED from [androidx.emoji2:emoji2:1.0.0] AndroidManifest.xml:25:5-35:19
MERGED from [androidx.core:core:1.12.0] AndroidManifest.xml:28:5-89
MERGED from [androidx.core:core:1.12.0] AndroidManifest.xml:28:5-89
MERGED from [androidx.lifecycle:lifecycle-process:2.6.1] AndroidManifest.xml:23:5-33:19
MERGED from [androidx.lifecycle:lifecycle-process:2.6.1] AndroidManifest.xml:23:5-33:19
MERGED from [com.google.firebase:firebase-datatransport:18.2.0] AndroidManifest.xml:21:5-29:19
MERGED from [com.google.firebase:firebase-datatransport:18.2.0] AndroidManifest.xml:21:5-29:19
MERGED from [com.google.android.datatransport:transport-backend-cct:3.1.9] AndroidManifest.xml:27:5-35:19
MERGED from [com.google.android.datatransport:transport-backend-cct:3.1.9] AndroidManifest.xml:27:5-35:19
MERGED from [androidx.versionedparcelable:versionedparcelable:1.1.1] AndroidManifest.xml:24:5-25:19
MERGED from [androidx.versionedparcelable:versionedparcelable:1.1.1] AndroidManifest.xml:24:5-25:19
MERGED from [androidx.profileinstaller:profileinstaller:1.3.0] AndroidManifest.xml:23:5-53:19
MERGED from [androidx.profileinstaller:profileinstaller:1.3.0] AndroidManifest.xml:23:5-53:19
MERGED from [androidx.startup:startup-runtime:1.1.1] AndroidManifest.xml:25:5-31:19
MERGED from [androidx.startup:startup-runtime:1.1.1] AndroidManifest.xml:25:5-31:19
MERGED from [androidx.room:room-runtime:2.2.5] AndroidManifest.xml:24:5-29:19
MERGED from [androidx.room:room-runtime:2.2.5] AndroidManifest.xml:24:5-29:19
MERGED from [com.github.bumptech.glide:gifdecoder:4.15.1] AndroidManifest.xml:9:5-20
MERGED from [com.github.bumptech.glide:gifdecoder:4.15.1] AndroidManifest.xml:9:5-20
MERGED from [com.google.android.datatransport:transport-runtime:3.1.9] AndroidManifest.xml:25:5-39:19
MERGED from [com.google.android.datatransport:transport-runtime:3.1.9] AndroidManifest.xml:25:5-39:19
MERGED from [com.huawei.hms:scanplus:2.1.0.300] AndroidManifest.xml:13:5-31:19
MERGED from [com.huawei.hms:scanplus:2.1.0.300] AndroidManifest.xml:13:5-31:19
MERGED from [com.huawei.android.hms:security-ssl:1.1.5.301] AndroidManifest.xml:9:5-13:19
MERGED from [com.huawei.android.hms:security-ssl:1.1.5.301] AndroidManifest.xml:9:5-13:19
MERGED from [com.journeyapps:zxing-android-embedded:4.3.0] AndroidManifest.xml:46:5-54:19
MERGED from [com.journeyapps:zxing-android-embedded:4.3.0] AndroidManifest.xml:46:5-54:19
MERGED from [com.android.installreferrer:installreferrer:2.1] AndroidManifest.xml:11:5-20
MERGED from [com.android.installreferrer:installreferrer:2.1] AndroidManifest.xml:11:5-20
MERGED from [com.huawei.hms:dynamic-api:1.0.13.303] AndroidManifest.xml:11:5-18:19
MERGED from [com.huawei.hms:dynamic-api:1.0.13.303] AndroidManifest.xml:11:5-18:19
MERGED from [com.huawei.hms:ml-computer-sdkbase-inner:2.0.5.304] AndroidManifest.xml:12:5-17:19
MERGED from [com.huawei.hms:ml-computer-sdkbase-inner:2.0.5.304] AndroidManifest.xml:12:5-17:19
MERGED from [com.huawei.agconnect:agconnect-core:1.4.0.300] AndroidManifest.xml:10:5-19:19
MERGED from [com.huawei.agconnect:agconnect-core:1.4.0.300] AndroidManifest.xml:10:5-19:19
	android:appComponentFactory
		ADDED from [androidx.core:core:1.12.0] AndroidManifest.xml:28:18-86
	android:label
		ADDED from src/debug/AndroidManifest.xml:21:9-29
	android:fullBackupContent
		ADDED from [com.appsflyer:af-android-sdk:6.15.2] AndroidManifest.xml:43:9-64
	android:allowBackup
		ADDED from [com.appsflyer:af-android-sdk:6.15.2] AndroidManifest.xml:41:9-35
	android:icon
		ADDED from src/debug/AndroidManifest.xml:23:9-43
	android:dataExtractionRules
		ADDED from [com.appsflyer:af-android-sdk:6.15.2] AndroidManifest.xml:42:9-75
	android:enableOnBackInvokedCallback
		ADDED from src/debug/AndroidManifest.xml:24:9-51
	tools:replace
		ADDED from [com.appsflyer:af-android-sdk:6.15.2] AndroidManifest.xml:44:9-44
	android:name
		INJECTED from src/main/AndroidManifest.xml
		ADDED from src/debug/AndroidManifest.xml:22:9-42
manifest
ADDED from src/main/AndroidManifest.xml:1:1-90:12
INJECTED from src/main/AndroidManifest.xml:1:1-90:12
INJECTED from src/main/AndroidManifest.xml:1:1-90:12
INJECTED from src/main/AndroidManifest.xml:1:1-90:12
MERGED from src/main/AndroidManifest.xml:1:1-90:12
MERGED from [:firebase_messaging] AndroidManifest.xml:2:1-50:12
MERGED from [:firebase_crashlytics] AndroidManifest.xml:2:1-17:12
MERGED from [:firebase_auth] AndroidManifest.xml:2:1-17:12
MERGED from [:firebase_core] AndroidManifest.xml:2:1-17:12
MERGED from [:flutter_local_notifications] AndroidManifest.xml:2:1-12:12
MERGED from [:scan] AndroidManifest.xml:2:1-14:12
MERGED from [:path_provider_android] AndroidManifest.xml:2:1-9:12
MERGED from [:smart_auth] AndroidManifest.xml:2:1-9:12
MERGED from [:qr_code_scanner] AndroidManifest.xml:2:1-11:12
MERGED from [:better_player] AndroidManifest.xml:2:1-9:12
MERGED from [:gt3_flutter_plugin] AndroidManifest.xml:2:1-9:12
MERGED from [:wakelock] AndroidManifest.xml:2:1-9:12
MERGED from [:photo_manager] AndroidManifest.xml:2:1-13:12
MERGED from [:ffmpeg_kit_flutter_min_gpl] AndroidManifest.xml:2:1-9:12
MERGED from [:share_plus] AndroidManifest.xml:2:1-37:12
MERGED from [:flutter_image_compress_common] AndroidManifest.xml:2:1-11:12
MERGED from [:image_picker_android] AndroidManifest.xml:2:1-36:12
MERGED from [:uni_links] AndroidManifest.xml:2:1-9:12
MERGED from [:video_player_android] AndroidManifest.xml:2:1-9:12
MERGED from [:sign_in_with_apple] AndroidManifest.xml:2:1-9:12
MERGED from [:appsflyer_sdk] AndroidManifest.xml:2:1-13:12
MERGED from [:flutter_plugin_android_lifecycle] AndroidManifest.xml:2:1-9:12
MERGED from [:image_gallery_saver] AndroidManifest.xml:2:1-9:12
MERGED from [:app_settings] AndroidManifest.xml:2:1-9:12
MERGED from [:url_launcher_android] AndroidManifest.xml:2:1-16:12
MERGED from [:google_sign_in_android] AndroidManifest.xml:2:1-11:12
MERGED from [:image_editor_common] AndroidManifest.xml:2:1-9:12
MERGED from [:connectivity_plus] AndroidManifest.xml:2:1-11:12
MERGED from [:webview_flutter_android] AndroidManifest.xml:2:1-9:12
MERGED from [:video_thumbnail] AndroidManifest.xml:2:1-9:12
MERGED from [:permission_handler_android] AndroidManifest.xml:2:1-9:12
MERGED from [:package_info_plus] AndroidManifest.xml:2:1-9:12
MERGED from [:device_info_plus] AndroidManifest.xml:2:1-9:12
MERGED from [:video_compress] AndroidManifest.xml:2:1-11:12
MERGED from [:device_apps] AndroidManifest.xml:2:1-9:12
MERGED from [com.appsflyer:af-android-sdk:6.15.2] AndroidManifest.xml:2:1-46:12
MERGED from [com.otaliastudios:transcoder:0.10.5] AndroidManifest.xml:2:1-11:12
MERGED from [com.google.firebase:firebase-crashlytics:19.0.1] AndroidManifest.xml:2:1-24:12
MERGED from [com.otaliastudios.opengl:egloo:0.6.1] AndroidManifest.xml:2:1-11:12
MERGED from [com.google.firebase:firebase-auth:23.0.0] AndroidManifest.xml:17:1-75:12
MERGED from [com.google.firebase:firebase-messaging:24.0.0] AndroidManifest.xml:17:1-66:12
MERGED from [com.google.firebase:firebase-sessions:2.0.1] AndroidManifest.xml:15:1-35:12
MERGED from [com.google.firebase:firebase-installations:18.0.0] AndroidManifest.xml:2:1-24:12
MERGED from [com.google.firebase:firebase-common-ktx:21.0.0] AndroidManifest.xml:2:1-18:12
MERGED from [androidx.credentials:credentials:1.2.0-rc01] AndroidManifest.xml:2:1-7:12
MERGED from [androidx.credentials:credentials-play-services-auth:1.2.0-rc01] AndroidManifest.xml:17:1-44:12
MERGED from [com.google.android.libraries.identity.googleid:googleid:1.1.0] AndroidManifest.xml:2:1-7:12
MERGED from [androidx.window:window-java:1.0.0] AndroidManifest.xml:17:1-23:12
MERGED from [androidx.window:window:1.0.0] AndroidManifest.xml:17:1-33:12
MERGED from [androidx.appcompat:appcompat:1.4.2] AndroidManifest.xml:17:1-24:12
MERGED from [com.github.bumptech.glide:glide:4.15.1] AndroidManifest.xml:2:1-11:12
MERGED from [com.google.android.gms:play-services-auth:21.0.0] AndroidManifest.xml:17:1-40:12
MERGED from [com.google.android.gms:play-services-auth-api-phone:18.0.2] AndroidManifest.xml:2:1-7:12
MERGED from [com.google.android.gms:play-services-auth-base:18.0.10] AndroidManifest.xml:2:1-7:12
MERGED from [com.google.firebase:firebase-appcheck-interop:17.0.0] AndroidManifest.xml:15:1-25:12
MERGED from [com.google.android.gms:play-services-fido:20.1.0] AndroidManifest.xml:2:1-10:12
MERGED from [com.google.android.gms:play-services-base:18.0.1] AndroidManifest.xml:16:1-24:12
MERGED from [com.google.firebase:firebase-auth-interop:20.0.0] AndroidManifest.xml:2:1-10:12
MERGED from [com.google.firebase:firebase-common:21.0.0] AndroidManifest.xml:15:1-41:12
MERGED from [com.google.android.recaptcha:recaptcha:18.4.0] AndroidManifest.xml:2:1-11:12
MERGED from [com.google.android.play:integrity:1.2.0] AndroidManifest.xml:2:1-7:12
MERGED from [com.google.firebase:firebase-iid-interop:17.1.0] AndroidManifest.xml:2:1-10:12
MERGED from [com.google.android.gms:play-services-cloud-messaging:17.2.0] AndroidManifest.xml:2:1-13:12
MERGED from [androidx.datastore:datastore-preferences:1.0.0] AndroidManifest.xml:17:1-24:12
MERGED from [androidx.datastore:datastore:1.0.0] AndroidManifest.xml:17:1-24:12
MERGED from [com.google.firebase:firebase-installations-interop:17.1.1] AndroidManifest.xml:15:1-19:12
MERGED from [com.google.android.gms:play-services-tasks:18.1.0] AndroidManifest.xml:2:1-6:12
MERGED from [com.google.android.gms:play-services-stats:17.0.2] AndroidManifest.xml:2:1-9:12
MERGED from [com.google.firebase:firebase-measurement-connector:20.0.1] AndroidManifest.xml:17:1-25:12
MERGED from [com.google.android.gms:play-services-basement:18.3.0] AndroidManifest.xml:16:1-26:12
MERGED from [androidx.fragment:fragment:1.5.7] AndroidManifest.xml:17:1-24:12
MERGED from [androidx.activity:activity:1.7.2] AndroidManifest.xml:17:1-22:12
MERGED from [androidx.core:core-ktx:1.12.0] AndroidManifest.xml:2:1-7:12
MERGED from [androidx.work:work-runtime:2.7.0] AndroidManifest.xml:17:1-145:12
MERGED from [com.google.android.exoplayer:exoplayer-hls:2.18.7] AndroidManifest.xml:17:1-24:12
MERGED from [com.google.android.exoplayer:exoplayer-dash:2.18.7] AndroidManifest.xml:17:1-24:12
MERGED from [com.google.android.exoplayer:exoplayer-smoothstreaming:2.18.7] AndroidManifest.xml:17:1-24:12
MERGED from [com.google.android.exoplayer:exoplayer-core:2.18.7] AndroidManifest.xml:17:1-26:12
MERGED from [androidx.browser:browser:1.5.0] AndroidManifest.xml:17:1-22:12
MERGED from [androidx.webkit:webkit:1.11.0] AndroidManifest.xml:2:1-7:12
MERGED from [androidx.appcompat:appcompat-resources:1.4.2] AndroidManifest.xml:17:1-24:12
MERGED from [androidx.drawerlayout:drawerlayout:1.0.0] AndroidManifest.xml:17:1-22:12
MERGED from [androidx.emoji2:emoji2-views-helper:1.0.0] AndroidManifest.xml:17:1-24:12
MERGED from [androidx.emoji2:emoji2:1.0.0] AndroidManifest.xml:17:1-37:12
MERGED from [com.google.android.exoplayer:exoplayer-ui:2.18.0] AndroidManifest.xml:17:1-24:12
MERGED from [com.google.android.exoplayer:extension-mediasession:2.18.0] AndroidManifest.xml:17:1-24:12
MERGED from [androidx.media:media:1.4.3] AndroidManifest.xml:17:1-24:12
MERGED from [androidx.recyclerview:recyclerview:1.2.1] AndroidManifest.xml:17:1-24:12
MERGED from [androidx.legacy:legacy-support-core-utils:1.0.0] AndroidManifest.xml:17:1-22:12
MERGED from [androidx.loader:loader:1.1.0] AndroidManifest.xml:17:1-24:12
MERGED from [androidx.vectordrawable:vectordrawable-animated:1.1.0] AndroidManifest.xml:17:1-24:12
MERGED from [androidx.vectordrawable:vectordrawable:1.1.0] AndroidManifest.xml:17:1-24:12
MERGED from [androidx.viewpager:viewpager:1.0.0] AndroidManifest.xml:17:1-22:12
MERGED from [androidx.customview:customview:1.0.0] AndroidManifest.xml:17:1-22:12
MERGED from [androidx.core:core:1.12.0] AndroidManifest.xml:17:1-30:12
MERGED from [androidx.savedstate:savedstate:1.2.1] AndroidManifest.xml:17:1-22:12
MERGED from [androidx.lifecycle:lifecycle-livedata-core:2.6.1] AndroidManifest.xml:17:1-22:12
MERGED from [androidx.lifecycle:lifecycle-service:2.6.1] AndroidManifest.xml:17:1-22:12
MERGED from [androidx.lifecycle:lifecycle-runtime-ktx:2.6.1] AndroidManifest.xml:17:1-22:12
MERGED from [androidx.lifecycle:lifecycle-process:2.6.1] AndroidManifest.xml:17:1-35:12
MERGED from [androidx.lifecycle:lifecycle-livedata:2.6.1] AndroidManifest.xml:17:1-22:12
MERGED from [androidx.lifecycle:lifecycle-viewmodel:2.6.1] AndroidManifest.xml:17:1-22:12
MERGED from [androidx.lifecycle:lifecycle-runtime:2.6.1] AndroidManifest.xml:2:1-7:12
MERGED from [androidx.lifecycle:lifecycle-viewmodel-savedstate:2.6.1] AndroidManifest.xml:17:1-22:12
MERGED from [com.google.firebase:firebase-datatransport:18.2.0] AndroidManifest.xml:15:1-31:12
MERGED from [com.google.android.datatransport:transport-backend-cct:3.1.9] AndroidManifest.xml:15:1-37:12
MERGED from [com.google.firebase:firebase-config-interop:16.0.0] AndroidManifest.xml:15:1-20:12
MERGED from [com.google.firebase:firebase-encoders-json:18.0.1] AndroidManifest.xml:15:1-22:12
MERGED from [androidx.heifwriter:heifwriter:1.0.0] AndroidManifest.xml:17:1-22:12
MERGED from [androidx.exifinterface:exifinterface:1.3.7] AndroidManifest.xml:17:1-24:12
MERGED from [androidx.localbroadcastmanager:localbroadcastmanager:1.1.0] AndroidManifest.xml:17:1-24:12
MERGED from [androidx.versionedparcelable:versionedparcelable:1.1.1] AndroidManifest.xml:17:1-27:12
MERGED from [androidx.profileinstaller:profileinstaller:1.3.0] AndroidManifest.xml:17:1-55:12
MERGED from [androidx.startup:startup-runtime:1.1.1] AndroidManifest.xml:17:1-33:12
MERGED from [androidx.tracing:tracing:1.0.0] AndroidManifest.xml:17:1-24:12
MERGED from [androidx.cursoradapter:cursoradapter:1.0.0] AndroidManifest.xml:17:1-22:12
MERGED from [androidx.room:room-runtime:2.2.5] AndroidManifest.xml:17:1-31:12
MERGED from [androidx.sqlite:sqlite-framework:2.1.0] AndroidManifest.xml:17:1-24:12
MERGED from [androidx.sqlite:sqlite:2.1.0] AndroidManifest.xml:17:1-24:12
MERGED from [com.github.bumptech.glide:gifdecoder:4.15.1] AndroidManifest.xml:2:1-11:12
MERGED from [com.google.android.exoplayer:exoplayer-datasource:2.18.7] AndroidManifest.xml:17:1-24:12
MERGED from [com.google.android.exoplayer:exoplayer-extractor:2.18.7] AndroidManifest.xml:17:1-24:12
MERGED from [com.google.android.exoplayer:exoplayer-decoder:2.18.7] AndroidManifest.xml:17:1-24:12
MERGED from [com.google.android.exoplayer:exoplayer-database:2.18.7] AndroidManifest.xml:17:1-24:12
MERGED from [com.google.android.exoplayer:exoplayer-common:2.18.7] AndroidManifest.xml:17:1-26:12
MERGED from [androidx.interpolator:interpolator:1.0.0] AndroidManifest.xml:17:1-22:12
MERGED from [com.google.firebase:firebase-components:18.0.0] AndroidManifest.xml:15:1-20:12
MERGED from [com.google.android.datatransport:transport-runtime:3.1.9] AndroidManifest.xml:15:1-41:12
MERGED from [com.google.android.datatransport:transport-api:3.1.0] AndroidManifest.xml:15:1-20:12
MERGED from [com.huawei.hms:scanplus:2.1.0.300] AndroidManifest.xml:2:1-33:12
MERGED from [com.huawei.hms:network-grs:4.0.20.301] AndroidManifest.xml:2:1-11:12
MERGED from [com.huawei.android.hms:security-ssl:1.1.5.301] AndroidManifest.xml:2:1-15:12
MERGED from [androidx.arch.core:core-runtime:2.2.0] AndroidManifest.xml:17:1-22:12
MERGED from [androidx.documentfile:documentfile:1.0.0] AndroidManifest.xml:17:1-22:12
MERGED from [androidx.print:print:1.0.0] AndroidManifest.xml:17:1-22:12
MERGED from [androidx.annotation:annotation-experimental:1.3.0] AndroidManifest.xml:17:1-22:12
MERGED from [com.journeyapps:zxing-android-embedded:4.3.0] AndroidManifest.xml:17:1-56:12
MERGED from [com.geetest.sensebot:sensebot:4.4.2.1] AndroidManifest.xml:2:1-14:12
MERGED from [com.arthenica:ffmpeg-kit-min-gpl:5.1] AndroidManifest.xml:2:1-9:12
MERGED from [com.android.installreferrer:installreferrer:2.1] AndroidManifest.xml:2:1-13:12
MERGED from [com.jaredrummler:truetypeparser-light:1.0.0] AndroidManifest.xml:18:1-25:12
MERGED from [com.huawei.hms:dynamic-api:1.0.13.303] AndroidManifest.xml:2:1-20:12
MERGED from [com.huawei.hms:ml-computer-sdkbase-inner:2.0.5.304] AndroidManifest.xml:3:1-19:12
MERGED from [com.huawei.hms:ml-computer-agc-inner:2.0.5.304] AndroidManifest.xml:3:1-12:12
MERGED from [com.huawei.agconnect:agconnect-core:1.4.0.300] AndroidManifest.xml:2:1-21:12
MERGED from [com.huawei.hmf:tasks:1.4.1.300] AndroidManifest.xml:2:1-10:12
MERGED from [com.huawei.hms:network-framework-compat:4.0.20.301] AndroidManifest.xml:2:1-11:12
MERGED from [com.huawei.hms:network-common:4.0.20.301] AndroidManifest.xml:2:1-11:12
MERGED from [com.huawei.hms:ml-computer-commonutils-inner:2.0.5.304] AndroidManifest.xml:3:1-12:12
INJECTED from src/debug/AndroidManifest.xml:1:1-63:12
INJECTED from src/debug/AndroidManifest.xml:1:1-63:12
INJECTED from src/debug/AndroidManifest.xml:1:1-63:12
	package
		INJECTED from src/main/AndroidManifest.xml
		ADDED from src/main/AndroidManifest.xml:1:1-90:12
		INJECTED from src/debug/AndroidManifest.xml
	android:versionName
		INJECTED from src/main/AndroidManifest.xml
		ADDED from src/main/AndroidManifest.xml:1:1-90:12
		INJECTED from src/debug/AndroidManifest.xml
	android:versionCode
		INJECTED from src/main/AndroidManifest.xml
		ADDED from src/main/AndroidManifest.xml:1:1-90:12
		INJECTED from src/debug/AndroidManifest.xml
	xmlns:android
		ADDED from src/main/AndroidManifest.xml:1:11-69
uses-permission#android.permission.READ_MEDIA_IMAGES
ADDED from src/main/AndroidManifest.xml:4:5-76
MERGED from src/main/AndroidManifest.xml:4:5-76
MERGED from src/main/AndroidManifest.xml:4:5-76
	android:name
		ADDED from src/main/AndroidManifest.xml:4:22-73
uses-permission#android.permission.READ_MEDIA_VIDEO
ADDED from src/main/AndroidManifest.xml:6:5-75
MERGED from src/main/AndroidManifest.xml:6:5-75
MERGED from src/main/AndroidManifest.xml:6:5-75
	android:name
		ADDED from src/main/AndroidManifest.xml:6:22-72
uses-permission#android.permission.ACCESS_MEDIA_LOCATION
ADDED from src/main/AndroidManifest.xml:8:5-80
MERGED from src/main/AndroidManifest.xml:8:5-80
MERGED from src/main/AndroidManifest.xml:8:5-80
	android:name
		ADDED from src/main/AndroidManifest.xml:8:22-77
uses-permission#android.permission.ACCESS_WIFI_STATE
ADDED from src/main/AndroidManifest.xml:10:5-76
MERGED from src/main/AndroidManifest.xml:10:5-76
MERGED from src/main/AndroidManifest.xml:10:5-76
	android:name
		ADDED from src/main/AndroidManifest.xml:10:22-73
uses-permission#android.permission.ACCESS_NETWORK_STATE
ADDED from src/main/AndroidManifest.xml:12:5-79
MERGED from src/main/AndroidManifest.xml:12:5-79
MERGED from src/main/AndroidManifest.xml:12:5-79
MERGED from [:firebase_messaging] AndroidManifest.xml:11:5-79
MERGED from [:firebase_messaging] AndroidManifest.xml:11:5-79
MERGED from [:appsflyer_sdk] AndroidManifest.xml:10:5-79
MERGED from [:appsflyer_sdk] AndroidManifest.xml:10:5-79
MERGED from [:connectivity_plus] AndroidManifest.xml:9:5-79
MERGED from [:connectivity_plus] AndroidManifest.xml:9:5-79
MERGED from [com.appsflyer:af-android-sdk:6.15.2] AndroidManifest.xml:27:5-79
MERGED from [com.appsflyer:af-android-sdk:6.15.2] AndroidManifest.xml:27:5-79
MERGED from [com.google.firebase:firebase-auth:23.0.0] AndroidManifest.xml:26:5-79
MERGED from [com.google.firebase:firebase-auth:23.0.0] AndroidManifest.xml:26:5-79
MERGED from [com.google.firebase:firebase-messaging:24.0.0] AndroidManifest.xml:22:5-79
MERGED from [com.google.firebase:firebase-messaging:24.0.0] AndroidManifest.xml:22:5-79
MERGED from [com.google.firebase:firebase-installations:18.0.0] AndroidManifest.xml:7:5-79
MERGED from [com.google.firebase:firebase-installations:18.0.0] AndroidManifest.xml:7:5-79
MERGED from [com.google.android.recaptcha:recaptcha:18.4.0] AndroidManifest.xml:8:5-79
MERGED from [com.google.android.recaptcha:recaptcha:18.4.0] AndroidManifest.xml:8:5-79
MERGED from [com.google.android.gms:play-services-cloud-messaging:17.2.0] AndroidManifest.xml:7:5-79
MERGED from [com.google.android.gms:play-services-cloud-messaging:17.2.0] AndroidManifest.xml:7:5-79
MERGED from [androidx.work:work-runtime:2.7.0] AndroidManifest.xml:26:5-79
MERGED from [androidx.work:work-runtime:2.7.0] AndroidManifest.xml:26:5-79
MERGED from [com.google.android.exoplayer:exoplayer-core:2.18.7] AndroidManifest.xml:24:5-79
MERGED from [com.google.android.exoplayer:exoplayer-core:2.18.7] AndroidManifest.xml:24:5-79
MERGED from [com.google.android.datatransport:transport-backend-cct:3.1.9] AndroidManifest.xml:24:5-79
MERGED from [com.google.android.datatransport:transport-backend-cct:3.1.9] AndroidManifest.xml:24:5-79
MERGED from [com.google.android.exoplayer:exoplayer-common:2.18.7] AndroidManifest.xml:24:5-79
MERGED from [com.google.android.exoplayer:exoplayer-common:2.18.7] AndroidManifest.xml:24:5-79
MERGED from [com.google.android.datatransport:transport-runtime:3.1.9] AndroidManifest.xml:22:5-79
MERGED from [com.google.android.datatransport:transport-runtime:3.1.9] AndroidManifest.xml:22:5-79
MERGED from [com.geetest.sensebot:sensebot:4.4.2.1] AndroidManifest.xml:12:5-79
MERGED from [com.geetest.sensebot:sensebot:4.4.2.1] AndroidManifest.xml:12:5-79
	android:name
		ADDED from src/main/AndroidManifest.xml:12:22-76
uses-permission#android.permission.CAMERA
ADDED from src/main/AndroidManifest.xml:14:5-65
MERGED from src/main/AndroidManifest.xml:14:5-65
MERGED from src/main/AndroidManifest.xml:14:5-65
MERGED from [:scan] AndroidManifest.xml:11:5-65
MERGED from [:scan] AndroidManifest.xml:11:5-65
MERGED from [com.huawei.hms:scanplus:2.1.0.300] AndroidManifest.xml:11:5-65
MERGED from [com.huawei.hms:scanplus:2.1.0.300] AndroidManifest.xml:11:5-65
MERGED from [com.journeyapps:zxing-android-embedded:4.3.0] AndroidManifest.xml:22:5-65
MERGED from [com.journeyapps:zxing-android-embedded:4.3.0] AndroidManifest.xml:22:5-65
	android:name
		ADDED from src/main/AndroidManifest.xml:14:22-62
uses-permission#android.permission.CAPTURE_VIDEO_OUTPUT
ADDED from src/main/AndroidManifest.xml:16:5-79
MERGED from src/main/AndroidManifest.xml:16:5-79
MERGED from src/main/AndroidManifest.xml:16:5-79
	android:name
		ADDED from src/main/AndroidManifest.xml:16:22-76
uses-feature#android.hardware.camera
ADDED from src/main/AndroidManifest.xml:18:5-84
MERGED from src/main/AndroidManifest.xml:18:5-84
MERGED from src/main/AndroidManifest.xml:18:5-84
MERGED from [com.journeyapps:zxing-android-embedded:4.3.0] AndroidManifest.xml:25:5-27:36
MERGED from [com.journeyapps:zxing-android-embedded:4.3.0] AndroidManifest.xml:25:5-27:36
	android:required
		ADDED from src/main/AndroidManifest.xml:18:58-81
	android:name
		ADDED from src/main/AndroidManifest.xml:18:19-57
uses-permission#android.permission.INTERNET
ADDED from src/main/AndroidManifest.xml:19:5-66
MERGED from src/main/AndroidManifest.xml:19:5-66
MERGED from src/main/AndroidManifest.xml:19:5-66
MERGED from [:firebase_messaging] AndroidManifest.xml:9:5-67
MERGED from [:firebase_messaging] AndroidManifest.xml:9:5-67
MERGED from [:appsflyer_sdk] AndroidManifest.xml:9:5-67
MERGED from [:appsflyer_sdk] AndroidManifest.xml:9:5-67
MERGED from [:google_sign_in_android] AndroidManifest.xml:9:5-67
MERGED from [:google_sign_in_android] AndroidManifest.xml:9:5-67
MERGED from [com.appsflyer:af-android-sdk:6.15.2] AndroidManifest.xml:26:5-67
MERGED from [com.appsflyer:af-android-sdk:6.15.2] AndroidManifest.xml:26:5-67
MERGED from [com.google.firebase:firebase-crashlytics:19.0.1] AndroidManifest.xml:7:5-67
MERGED from [com.google.firebase:firebase-crashlytics:19.0.1] AndroidManifest.xml:7:5-67
MERGED from [com.google.firebase:firebase-auth:23.0.0] AndroidManifest.xml:25:5-67
MERGED from [com.google.firebase:firebase-auth:23.0.0] AndroidManifest.xml:25:5-67
MERGED from [com.google.firebase:firebase-installations:18.0.0] AndroidManifest.xml:8:5-67
MERGED from [com.google.firebase:firebase-installations:18.0.0] AndroidManifest.xml:8:5-67
MERGED from [com.google.android.recaptcha:recaptcha:18.4.0] AndroidManifest.xml:7:5-67
MERGED from [com.google.android.recaptcha:recaptcha:18.4.0] AndroidManifest.xml:7:5-67
MERGED from [com.google.android.gms:play-services-cloud-messaging:17.2.0] AndroidManifest.xml:8:5-67
MERGED from [com.google.android.gms:play-services-cloud-messaging:17.2.0] AndroidManifest.xml:8:5-67
MERGED from [com.google.android.datatransport:transport-backend-cct:3.1.9] AndroidManifest.xml:25:5-67
MERGED from [com.google.android.datatransport:transport-backend-cct:3.1.9] AndroidManifest.xml:25:5-67